<?xml version="1.0" encoding="UTF-8"?>
<testsuite name="NumeralSystemConverterTest" tests="1" skipped="0" failures="0" errors="0" timestamp="2022-06-15T05:21:34" hostname="DESKTOP-063BMPJ" time="3.245">
  <properties/>
  <testcase name="start" classname="NumeralSystemConverterTest" time="3.245"/>
  <system-out><![CDATA[?[1;31m
Start test 1?[0m
Enter two numbers in format: {source base} {target base} (To quit type /exit)
> /exit
?[1;31m
Start test 2?[0m
Enter two numbers in format: {source base} {target base} (To quit type /exit)
> 10 2
Enter number in base 10 to convert to base 2 (To go back type /back)
> 896
Conversion result: 1110000000
Enter number in base 10 to convert to base 2 (To go back type /back)
?[1;31m
Start test 3?[0m
Enter two numbers in format: {source base} {target base} (To quit type /exit)
> 10 2
Enter number in base 10 to convert to base 2 (To go back type /back)
> 138
Conversion result: 10001010
Enter number in base 10 to convert to base 2 (To go back type /back)
> /back
Enter two numbers in format: {source base} {target base} (To quit type /exit)
> 10 8
Enter number in base 10 to convert to base 8 (To go back type /back)
> 337
Conversion result: 521
Enter number in base 10 to convert to base 8 (To go back type /back)
> /back
Enter two numbers in format: {source base} {target base} (To quit type /exit)
> /exit
?[1;31m
Start test 4?[0m
Enter two numbers in format: {source base} {target base} (To quit type /exit)
> 2 5
Enter number in base 2 to convert to base 5 (To go back type /back)
> 1010101101
Conversion result: 10220
Enter number in base 2 to convert to base 5 (To go back type /back)
> /back
Enter two numbers in format: {source base} {target base} (To quit type /exit)
> 2 8
Enter number in base 2 to convert to base 8 (To go back type /back)
> 111110100
Conversion result: 764
Enter number in base 2 to convert to base 8 (To go back type /back)
> /back
Enter two numbers in format: {source base} {target base} (To quit type /exit)
> 2 11
Enter number in base 2 to convert to base 11 (To go back type /back)
> 10
Conversion result: 2
Enter number in base 2 to convert to base 11 (To go back type /back)
> /back
Enter two numbers in format: {source base} {target base} (To quit type /exit)
> 2 14
Enter number in base 2 to convert to base 14 (To go back type /back)
> 110001000
Conversion result: 200
Enter number in base 2 to convert to base 14 (To go back type /back)
> /back
Enter two numbers in format: {source base} {target base} (To quit type /exit)
> 2 17
Enter number in base 2 to convert to base 17 (To go back type /back)
> 11011100
Conversion result: CG
Enter number in base 2 to convert to base 17 (To go back type /back)
> /back
Enter two numbers in format: {source base} {target base} (To quit type /exit)
> 2 20
Enter number in base 2 to convert to base 20 (To go back type /back)
> 110110010
Conversion result: 11E
Enter number in base 2 to convert to base 20 (To go back type /back)
> /back
Enter two numbers in format: {source base} {target base} (To quit type /exit)
> 2 23
Enter number in base 2 to convert to base 23 (To go back type /back)
> 111101111
Conversion result: LC
Enter number in base 2 to convert to base 23 (To go back type /back)
> /back
Enter two numbers in format: {source base} {target base} (To quit type /exit)
> 2 26
Enter number in base 2 to convert to base 26 (To go back type /back)
> 11101010
Conversion result: 90
Enter number in base 2 to convert to base 26 (To go back type /back)
> /back
Enter two numbers in format: {source base} {target base} (To quit type /exit)
> 2 29
Enter number in base 2 to convert to base 29 (To go back type /back)
> 1101111100
Conversion result: 11M
Enter number in base 2 to convert to base 29 (To go back type /back)
> /back
Enter two numbers in format: {source base} {target base} (To quit type /exit)
> 2 32
Enter number in base 2 to convert to base 32 (To go back type /back)
> 1001110110
Conversion result: JM
Enter number in base 2 to convert to base 32 (To go back type /back)
> /back
Enter two numbers in format: {source base} {target base} (To quit type /exit)
> 2 35
Enter number in base 2 to convert to base 35 (To go back type /back)
> 11000110
Conversion result: 5N
Enter number in base 2 to convert to base 35 (To go back type /back)
> /back
Enter two numbers in format: {source base} {target base} (To quit type /exit)
> 5 2
Enter number in base 5 to convert to base 2 (To go back type /back)
> 3202
Conversion result: 110101011
Enter number in base 5 to convert to base 2 (To go back type /back)
> /back
Enter two numbers in format: {source base} {target base} (To quit type /exit)
> 5 8
Enter number in base 5 to convert to base 8 (To go back type /back)
> 2420
Conversion result: 550
Enter number in base 5 to convert to base 8 (To go back type /back)
> /back
Enter two numbers in format: {source base} {target base} (To quit type /exit)
> 5 11
Enter number in base 5 to convert to base 11 (To go back type /back)
> 10302
Conversion result: 589
Enter number in base 5 to convert to base 11 (To go back type /back)
> /back
Enter two numbers in format: {source base} {target base} (To quit type /exit)
> 5 14
Enter number in base 5 to convert to base 14 (To go back type /back)
> 10410
Conversion result: 3A2
Enter number in base 5 to convert to base 14 (To go back type /back)
> /back
Enter two numbers in format: {source base} {target base} (To quit type /exit)
> 5 17
Enter number in base 5 to convert to base 17 (To go back type /back)
> 324
Conversion result: 54
Enter number in base 5 to convert to base 17 (To go back type /back)
> /back
Enter two numbers in format: {source base} {target base} (To quit type /exit)
> 5 20
Enter number in base 5 to convert to base 20 (To go back type /back)
> 3221
Conversion result: 11G
Enter number in base 5 to convert to base 20 (To go back type /back)
> /back
Enter two numbers in format: {source base} {target base} (To quit type /exit)
> 5 23
Enter number in base 5 to convert to base 23 (To go back type /back)
> 12441
Conversion result: 1K7
Enter number in base 5 to convert to base 23 (To go back type /back)
> /back
Enter two numbers in format: {source base} {target base} (To quit type /exit)
> 5 26
Enter number in base 5 to convert to base 26 (To go back type /back)
> 10030
Conversion result: OG
Enter number in base 5 to convert to base 26 (To go back type /back)
> /back
Enter two numbers in format: {source base} {target base} (To quit type /exit)
> 5 29
Enter number in base 5 to convert to base 29 (To go back type /back)
> 1003
Conversion result: 4C
Enter number in base 5 to convert to base 29 (To go back type /back)
> /back
Enter two numbers in format: {source base} {target base} (To quit type /exit)
> 5 32
Enter number in base 5 to convert to base 32 (To go back type /back)
> 11221
Conversion result: PB
Enter number in base 5 to convert to base 32 (To go back type /back)
> /back
Enter two numbers in format: {source base} {target base} (To quit type /exit)
> 5 35
Enter number in base 5 to convert to base 35 (To go back type /back)
> 10342
Conversion result: KM
Enter number in base 5 to convert to base 35 (To go back type /back)
> /back
Enter two numbers in format: {source base} {target base} (To quit type /exit)
> 8 2
Enter number in base 8 to convert to base 2 (To go back type /back)
> 1346
Conversion result: 1011100110
Enter number in base 8 to convert to base 2 (To go back type /back)
> /back
Enter two numbers in format: {source base} {target base} (To quit type /exit)
> 8 5
Enter number in base 8 to convert to base 5 (To go back type /back)
> 72
Conversion result: 213
Enter number in base 8 to convert to base 5 (To go back type /back)
> /back
Enter two numbers in format: {source base} {target base} (To quit type /exit)
> 8 11
Enter number in base 8 to convert to base 11 (To go back type /back)
> 1501
Conversion result: 698
Enter number in base 8 to convert to base 11 (To go back type /back)
> /back
Enter two numbers in format: {source base} {target base} (To quit type /exit)
> 8 14
Enter number in base 8 to convert to base 14 (To go back type /back)
> 457
Conversion result: 179
Enter number in base 8 to convert to base 14 (To go back type /back)
> /back
Enter two numbers in format: {source base} {target base} (To quit type /exit)
> 8 17
Enter number in base 8 to convert to base 17 (To go back type /back)
> 677
Conversion result: 195
Enter number in base 8 to convert to base 17 (To go back type /back)
> /back
Enter two numbers in format: {source base} {target base} (To quit type /exit)
> 8 20
Enter number in base 8 to convert to base 20 (To go back type /back)
> 1404
Conversion result: 1IC
Enter number in base 8 to convert to base 20 (To go back type /back)
> /back
Enter two numbers in format: {source base} {target base} (To quit type /exit)
> 8 23
Enter number in base 8 to convert to base 23 (To go back type /back)
> 164
Conversion result: 51
Enter number in base 8 to convert to base 23 (To go back type /back)
> /back
Enter two numbers in format: {source base} {target base} (To quit type /exit)
> 8 26
Enter number in base 8 to convert to base 26 (To go back type /back)
> 1444
Conversion result: 14O
Enter number in base 8 to convert to base 26 (To go back type /back)
> /back
Enter two numbers in format: {source base} {target base} (To quit type /exit)
> 8 29
Enter number in base 8 to convert to base 29 (To go back type /back)
> 1426
Conversion result: R7
Enter number in base 8 to convert to base 29 (To go back type /back)
> /back
Enter two numbers in format: {source base} {target base} (To quit type /exit)
> 8 32
Enter number in base 8 to convert to base 32 (To go back type /back)
> 1512
Conversion result: QA
Enter number in base 8 to convert to base 32 (To go back type /back)
> /back
Enter two numbers in format: {source base} {target base} (To quit type /exit)
> 8 35
Enter number in base 8 to convert to base 35 (To go back type /back)
> 47
Conversion result: 14
Enter number in base 8 to convert to base 35 (To go back type /back)
> /back
Enter two numbers in format: {source base} {target base} (To quit type /exit)
> 11 2
Enter number in base 11 to convert to base 2 (To go back type /back)
> 642
Conversion result: 1100000100
Enter number in base 11 to convert to base 2 (To go back type /back)
> /back
Enter two numbers in format: {source base} {target base} (To quit type /exit)
> 11 5
Enter number in base 11 to convert to base 5 (To go back type /back)
> 280
Conversion result: 2310
Enter number in base 11 to convert to base 5 (To go back type /back)
> /back
Enter two numbers in format: {source base} {target base} (To quit type /exit)
> 11 8
Enter number in base 11 to convert to base 8 (To go back type /back)
> 36
Conversion result: 47
Enter number in base 11 to convert to base 8 (To go back type /back)
> /back
Enter two numbers in format: {source base} {target base} (To quit type /exit)
> 11 14
Enter number in base 11 to convert to base 14 (To go back type /back)
> 187
Conversion result: 116
Enter number in base 11 to convert to base 14 (To go back type /back)
> /back
Enter two numbers in format: {source base} {target base} (To quit type /exit)
> 11 17
Enter number in base 11 to convert to base 17 (To go back type /back)
> 43a
Conversion result: 1E0
Enter number in base 11 to convert to base 17 (To go back type /back)
> /back
Enter two numbers in format: {source base} {target base} (To quit type /exit)
> 11 20
Enter number in base 11 to convert to base 20 (To go back type /back)
> 810
Conversion result: 28J
Enter number in base 11 to convert to base 20 (To go back type /back)
> /back
Enter two numbers in format: {source base} {target base} (To quit type /exit)
> 11 23
Enter number in base 11 to convert to base 23 (To go back type /back)
> 36a
Conversion result: J2
Enter number in base 11 to convert to base 23 (To go back type /back)
> /back
Enter two numbers in format: {source base} {target base} (To quit type /exit)
> 11 26
Enter number in base 11 to convert to base 26 (To go back type /back)
> 4a7
Conversion result: N3
Enter number in base 11 to convert to base 26 (To go back type /back)
> /back
Enter two numbers in format: {source base} {target base} (To quit type /exit)
> 11 29
Enter number in base 11 to convert to base 29 (To go back type /back)
> 643
Conversion result: QJ
Enter number in base 11 to convert to base 29 (To go back type /back)
> /back
Enter two numbers in format: {source base} {target base} (To quit type /exit)
> 11 32
Enter number in base 11 to convert to base 32 (To go back type /back)
> 704
Conversion result: QJ
Enter number in base 11 to convert to base 32 (To go back type /back)
> /back
Enter two numbers in format: {source base} {target base} (To quit type /exit)
> 11 35
Enter number in base 11 to convert to base 35 (To go back type /back)
> 379
Conversion result: CT
Enter number in base 11 to convert to base 35 (To go back type /back)
> /back
Enter two numbers in format: {source base} {target base} (To quit type /exit)
> 14 2
Enter number in base 14 to convert to base 2 (To go back type /back)
> 24a
Conversion result: 111001010
Enter number in base 14 to convert to base 2 (To go back type /back)
> /back
Enter two numbers in format: {source base} {target base} (To quit type /exit)
> 14 5
Enter number in base 14 to convert to base 5 (To go back type /back)
> 4c9
Conversion result: 12321
Enter number in base 14 to convert to base 5 (To go back type /back)
> /back
Enter two numbers in format: {source base} {target base} (To quit type /exit)
> 14 8
Enter number in base 14 to convert to base 8 (To go back type /back)
> 1d4
Conversion result: 576
Enter number in base 14 to convert to base 8 (To go back type /back)
> /back
Enter two numbers in format: {source base} {target base} (To quit type /exit)
> 14 11
Enter number in base 14 to convert to base 11 (To go back type /back)
> 51
Conversion result: 65
Enter number in base 14 to convert to base 11 (To go back type /back)
> /back
Enter two numbers in format: {source base} {target base} (To quit type /exit)
> 14 17
Enter number in base 14 to convert to base 17 (To go back type /back)
> 2d5
Conversion result: 201
Enter number in base 14 to convert to base 17 (To go back type /back)
> /back
Enter two numbers in format: {source base} {target base} (To quit type /exit)
> 14 20
Enter number in base 14 to convert to base 20 (To go back type /back)
> 283
Conversion result: 157
Enter number in base 14 to convert to base 20 (To go back type /back)
> /back
Enter two numbers in format: {source base} {target base} (To quit type /exit)
> 14 23
Enter number in base 14 to convert to base 23 (To go back type /back)
> 39a
Conversion result: 18B
Enter number in base 14 to convert to base 23 (To go back type /back)
> /back
Enter two numbers in format: {source base} {target base} (To quit type /exit)
> 14 26
Enter number in base 14 to convert to base 26 (To go back type /back)
> 28
Conversion result: 1A
Enter number in base 14 to convert to base 26 (To go back type /back)
> /back
Enter two numbers in format: {source base} {target base} (To quit type /exit)
> 14 29
Enter number in base 14 to convert to base 29 (To go back type /back)
> 363
Conversion result: N8
Enter number in base 14 to convert to base 29 (To go back type /back)
> /back
Enter two numbers in format: {source base} {target base} (To quit type /exit)
> 14 32
Enter number in base 14 to convert to base 32 (To go back type /back)
> a9
Conversion result: 4L
Enter number in base 14 to convert to base 32 (To go back type /back)
> /back
Enter two numbers in format: {source base} {target base} (To quit type /exit)
> 14 35
Enter number in base 14 to convert to base 35 (To go back type /back)
> 326
Conversion result: HR
Enter number in base 14 to convert to base 35 (To go back type /back)
> /back
Enter two numbers in format: {source base} {target base} (To quit type /exit)
> 17 2
Enter number in base 17 to convert to base 2 (To go back type /back)
> 345
Conversion result: 1110101100
Enter number in base 17 to convert to base 2 (To go back type /back)
> /back
Enter two numbers in format: {source base} {target base} (To quit type /exit)
> 17 5
Enter number in base 17 to convert to base 5 (To go back type /back)
> 2ec
Conversion result: 11303
Enter number in base 17 to convert to base 5 (To go back type /back)
> /back
Enter two numbers in format: {source base} {target base} (To quit type /exit)
> 17 8
Enter number in base 17 to convert to base 8 (To go back type /back)
> 6d
Conversion result: 163
Enter number in base 17 to convert to base 8 (To go back type /back)
> /back
Enter two numbers in format: {source base} {target base} (To quit type /exit)
> 17 11
Enter number in base 17 to convert to base 11 (To go back type /back)
> 1d5
Conversion result: 429
Enter number in base 17 to convert to base 11 (To go back type /back)
> /back
Enter two numbers in format: {source base} {target base} (To quit type /exit)
> 17 14
Enter number in base 17 to convert to base 14 (To go back type /back)
> 288
Conversion result: 398
Enter number in base 17 to convert to base 14 (To go back type /back)
> /back
Enter two numbers in format: {source base} {target base} (To quit type /exit)
> 17 20
Enter number in base 17 to convert to base 20 (To go back type /back)
> 314
Conversion result: 248
Enter number in base 17 to convert to base 20 (To go back type /back)
> /back
Enter two numbers in format: {source base} {target base} (To quit type /exit)
> 17 23
Enter number in base 17 to convert to base 23 (To go back type /back)
> 28
Conversion result: 1J
Enter number in base 17 to convert to base 23 (To go back type /back)
> /back
Enter two numbers in format: {source base} {target base} (To quit type /exit)
> 17 26
Enter number in base 17 to convert to base 26 (To go back type /back)
> 214
Conversion result: N1
Enter number in base 17 to convert to base 26 (To go back type /back)
> /back
Enter two numbers in format: {source base} {target base} (To quit type /exit)
> 17 29
Enter number in base 17 to convert to base 29 (To go back type /back)
> 278
Conversion result: O9
Enter number in base 17 to convert to base 29 (To go back type /back)
> /back
Enter two numbers in format: {source base} {target base} (To quit type /exit)
> 17 32
Enter number in base 17 to convert to base 32 (To go back type /back)
> 1c4
Conversion result: FH
Enter number in base 17 to convert to base 32 (To go back type /back)
> /back
Enter two numbers in format: {source base} {target base} (To quit type /exit)
> 17 35
Enter number in base 17 to convert to base 35 (To go back type /back)
> 2bf
Conversion result: MA
Enter number in base 17 to convert to base 35 (To go back type /back)
> /back
Enter two numbers in format: {source base} {target base} (To quit type /exit)
> /exit
?[1;31m
Start test 5?[0m
Enter two numbers in format: {source base} {target base} (To quit type /exit)
> 19 2
Enter number in base 19 to convert to base 2 (To go back type /back)
> 19h
Conversion result: 1000100101
Enter number in base 19 to convert to base 2 (To go back type /back)
> /back
Enter two numbers in format: {source base} {target base} (To quit type /exit)
> 19 5
Enter number in base 19 to convert to base 5 (To go back type /back)
> e9
Conversion result: 2100
Enter number in base 19 to convert to base 5 (To go back type /back)
> /back
Enter two numbers in format: {source base} {target base} (To quit type /exit)
> 19 8
Enter number in base 19 to convert to base 8 (To go back type /back)
> 26f
Conversion result: 1523
Enter number in base 19 to convert to base 8 (To go back type /back)
> /back
Enter two numbers in format: {source base} {target base} (To quit type /exit)
> 19 11
Enter number in base 19 to convert to base 11 (To go back type /back)
> 1eh
Conversion result: 536
Enter number in base 19 to convert to base 11 (To go back type /back)
> /back
Enter two numbers in format: {source base} {target base} (To quit type /exit)
> 19 14
Enter number in base 19 to convert to base 14 (To go back type /back)
> 1c8
Conversion result: 309
Enter number in base 19 to convert to base 14 (To go back type /back)
> /back
Enter two numbers in format: {source base} {target base} (To quit type /exit)
> 19 17
Enter number in base 19 to convert to base 17 (To go back type /back)
> 1ic
Conversion result: 281
Enter number in base 19 to convert to base 17 (To go back type /back)
> /back
Enter two numbers in format: {source base} {target base} (To quit type /exit)
> 19 20
Enter number in base 19 to convert to base 20 (To go back type /back)
> 197
Conversion result: 16J
Enter number in base 19 to convert to base 20 (To go back type /back)
> /back
Enter two numbers in format: {source base} {target base} (To quit type /exit)
> 19 23
Enter number in base 19 to convert to base 23 (To go back type /back)
> 254
Conversion result: 1CG
Enter number in base 19 to convert to base 23 (To go back type /back)
> /back
Enter two numbers in format: {source base} {target base} (To quit type /exit)
> 19 26
Enter number in base 19 to convert to base 26 (To go back type /back)
> 88
Conversion result: 64
Enter number in base 19 to convert to base 26 (To go back type /back)
> /back
Enter two numbers in format: {source base} {target base} (To quit type /exit)
> 19 29
Enter number in base 19 to convert to base 29 (To go back type /back)
> 2a5
Conversion result: 12I
Enter number in base 19 to convert to base 29 (To go back type /back)
> /back
Enter two numbers in format: {source base} {target base} (To quit type /exit)
> 19 32
Enter number in base 19 to convert to base 32 (To go back type /back)
> e5
Conversion result: 8F
Enter number in base 19 to convert to base 32 (To go back type /back)
> /back
Enter two numbers in format: {source base} {target base} (To quit type /exit)
> 19 35
Enter number in base 19 to convert to base 35 (To go back type /back)
> 108
Conversion result: AJ
Enter number in base 19 to convert to base 35 (To go back type /back)
> /back
Enter two numbers in format: {source base} {target base} (To quit type /exit)
> 22 2
Enter number in base 22 to convert to base 2 (To go back type /back)
> l1
Conversion result: 111001111
Enter number in base 22 to convert to base 2 (To go back type /back)
> /back
Enter two numbers in format: {source base} {target base} (To quit type /exit)
> 22 5
Enter number in base 22 to convert to base 5 (To go back type /back)
> cj
Conversion result: 2113
Enter number in base 22 to convert to base 5 (To go back type /back)
> /back
Enter two numbers in format: {source base} {target base} (To quit type /exit)
> 22 8
Enter number in base 22 to convert to base 8 (To go back type /back)
> ee
Conversion result: 502
Enter number in base 22 to convert to base 8 (To go back type /back)
> /back
Enter two numbers in format: {source base} {target base} (To quit type /exit)
> 22 11
Enter number in base 22 to convert to base 11 (To go back type /back)
> g7
Conversion result: 2A7
Enter number in base 22 to convert to base 11 (To go back type /back)
> /back
Enter two numbers in format: {source base} {target base} (To quit type /exit)
> 22 14
Enter number in base 22 to convert to base 14 (To go back type /back)
> 12l
Conversion result: 2B3
Enter number in base 22 to convert to base 14 (To go back type /back)
> /back
Enter two numbers in format: {source base} {target base} (To quit type /exit)
> 22 17
Enter number in base 22 to convert to base 17 (To go back type /back)
> 1jc
Conversion result: 32D
Enter number in base 22 to convert to base 17 (To go back type /back)
> /back
Enter two numbers in format: {source base} {target base} (To quit type /exit)
> 22 20
Enter number in base 22 to convert to base 20 (To go back type /back)
> 1e1
Conversion result: 1JD
Enter number in base 22 to convert to base 20 (To go back type /back)
> /back
Enter two numbers in format: {source base} {target base} (To quit type /exit)
> 22 23
Enter number in base 22 to convert to base 23 (To go back type /back)
> 199
Conversion result: 171
Enter number in base 22 to convert to base 23 (To go back type /back)
> /back
Enter two numbers in format: {source base} {target base} (To quit type /exit)
> 22 26
Enter number in base 22 to convert to base 26 (To go back type /back)
> 1be
Conversion result: 12C
Enter number in base 22 to convert to base 26 (To go back type /back)
> /back
Enter two numbers in format: {source base} {target base} (To quit type /exit)
> 22 29
Enter number in base 22 to convert to base 29 (To go back type /back)
> 6g
Conversion result: 53
Enter number in base 22 to convert to base 29 (To go back type /back)
> /back
Enter two numbers in format: {source base} {target base} (To quit type /exit)
> 22 32
Enter number in base 22 to convert to base 32 (To go back type /back)
> 141
Conversion result: HT
Enter number in base 22 to convert to base 32 (To go back type /back)
> /back
Enter two numbers in format: {source base} {target base} (To quit type /exit)
> 22 35
Enter number in base 22 to convert to base 35 (To go back type /back)
> 1ge
Conversion result: OA
Enter number in base 22 to convert to base 35 (To go back type /back)
> /back
Enter two numbers in format: {source base} {target base} (To quit type /exit)
> 25 2
Enter number in base 25 to convert to base 2 (To go back type /back)
> gi
Conversion result: 110100010
Enter number in base 25 to convert to base 2 (To go back type /back)
> /back
Enter two numbers in format: {source base} {target base} (To quit type /exit)
> 25 5
Enter number in base 25 to convert to base 5 (To go back type /back)
> oc
Conversion result: 4422
Enter number in base 25 to convert to base 5 (To go back type /back)
> /back
Enter two numbers in format: {source base} {target base} (To quit type /exit)
> 25 8
Enter number in base 25 to convert to base 8 (To go back type /back)
> g9
Conversion result: 631
Enter number in base 25 to convert to base 8 (To go back type /back)
> /back
Enter two numbers in format: {source base} {target base} (To quit type /exit)
> 25 11
Enter number in base 25 to convert to base 11 (To go back type /back)
> 5g
Conversion result: 119
Enter number in base 25 to convert to base 11 (To go back type /back)
> /back
Enter two numbers in format: {source base} {target base} (To quit type /exit)
> 25 14
Enter number in base 25 to convert to base 14 (To go back type /back)
> 114
Conversion result: 34A
Enter number in base 25 to convert to base 14 (To go back type /back)
> /back
Enter two numbers in format: {source base} {target base} (To quit type /exit)
> 25 17
Enter number in base 25 to convert to base 17 (To go back type /back)
> 1ee
Conversion result: 373
Enter number in base 25 to convert to base 17 (To go back type /back)
> /back
Enter two numbers in format: {source base} {target base} (To quit type /exit)
> 25 20
Enter number in base 25 to convert to base 20 (To go back type /back)
> 53
Conversion result: 68
Enter number in base 25 to convert to base 20 (To go back type /back)
> /back
Enter two numbers in format: {source base} {target base} (To quit type /exit)
> 25 23
Enter number in base 25 to convert to base 23 (To go back type /back)
> g8
Conversion result: HH
Enter number in base 25 to convert to base 23 (To go back type /back)
> /back
Enter two numbers in format: {source base} {target base} (To quit type /exit)
> 25 26
Enter number in base 25 to convert to base 26 (To go back type /back)
> 143
Conversion result: 120
Enter number in base 25 to convert to base 26 (To go back type /back)
> /back
Enter two numbers in format: {source base} {target base} (To quit type /exit)
> 25 29
Enter number in base 25 to convert to base 29 (To go back type /back)
> 101
Conversion result: LH
Enter number in base 25 to convert to base 29 (To go back type /back)
> /back
Enter two numbers in format: {source base} {target base} (To quit type /exit)
> 25 32
Enter number in base 25 to convert to base 32 (To go back type /back)
> 11c
Conversion result: KM
Enter number in base 25 to convert to base 32 (To go back type /back)
> /back
Enter two numbers in format: {source base} {target base} (To quit type /exit)
> 25 35
Enter number in base 25 to convert to base 35 (To go back type /back)
> hh
Conversion result: CM
Enter number in base 25 to convert to base 35 (To go back type /back)
> /back
Enter two numbers in format: {source base} {target base} (To quit type /exit)
> 28 2
Enter number in base 28 to convert to base 2 (To go back type /back)
> 5m
Conversion result: 10100010
Enter number in base 28 to convert to base 2 (To go back type /back)
> /back
Enter two numbers in format: {source base} {target base} (To quit type /exit)
> 28 5
Enter number in base 28 to convert to base 5 (To go back type /back)
> eo
Conversion result: 3131
Enter number in base 28 to convert to base 5 (To go back type /back)
> /back
Enter two numbers in format: {source base} {target base} (To quit type /exit)
> 28 8
Enter number in base 28 to convert to base 8 (To go back type /back)
> kq
Conversion result: 1112
Enter number in base 28 to convert to base 8 (To go back type /back)
> /back
Enter two numbers in format: {source base} {target base} (To quit type /exit)
> 28 11
Enter number in base 28 to convert to base 11 (To go back type /back)
> 11f
Conversion result: 692
Enter number in base 28 to convert to base 11 (To go back type /back)
> /back
Enter two numbers in format: {source base} {target base} (To quit type /exit)
> 28 14
Enter number in base 28 to convert to base 14 (To go back type /back)
> dg
Conversion result: 1D2
Enter number in base 28 to convert to base 14 (To go back type /back)
> /back
Enter two numbers in format: {source base} {target base} (To quit type /exit)
> 28 17
Enter number in base 28 to convert to base 17 (To go back type /back)
> 1e
Conversion result: 28
Enter number in base 28 to convert to base 17 (To go back type /back)
> /back
Enter two numbers in format: {source base} {target base} (To quit type /exit)
> 28 20
Enter number in base 28 to convert to base 20 (To go back type /back)
> lc
Conversion result: 1A0
Enter number in base 28 to convert to base 20 (To go back type /back)
> /back
Enter two numbers in format: {source base} {target base} (To quit type /exit)
> 28 23
Enter number in base 28 to convert to base 23 (To go back type /back)
> h3
Conversion result: KJ
Enter number in base 28 to convert to base 23 (To go back type /back)
> /back
Enter two numbers in format: {source base} {target base} (To quit type /exit)
> 28 26
Enter number in base 28 to convert to base 26 (To go back type /back)
> lp
Conversion result: NF
Enter number in base 28 to convert to base 26 (To go back type /back)
> /back
Enter two numbers in format: {source base} {target base} (To quit type /exit)
> 28 29
Enter number in base 28 to convert to base 29 (To go back type /back)
> 33
Conversion result: 30
Enter number in base 28 to convert to base 29 (To go back type /back)
> /back
Enter two numbers in format: {source base} {target base} (To quit type /exit)
> 28 32
Enter number in base 28 to convert to base 32 (To go back type /back)
> pi
Conversion result: ME
Enter number in base 28 to convert to base 32 (To go back type /back)
> /back
Enter two numbers in format: {source base} {target base} (To quit type /exit)
> 28 35
Enter number in base 28 to convert to base 35 (To go back type /back)
> 16q
Conversion result: RX
Enter number in base 28 to convert to base 35 (To go back type /back)
> /back
Enter two numbers in format: {source base} {target base} (To quit type /exit)
> 31 2
Enter number in base 31 to convert to base 2 (To go back type /back)
> o7
Conversion result: 1011101111
Enter number in base 31 to convert to base 2 (To go back type /back)
> /back
Enter two numbers in format: {source base} {target base} (To quit type /exit)
> 31 5
Enter number in base 31 to convert to base 5 (To go back type /back)
> 70
Conversion result: 1332
Enter number in base 31 to convert to base 5 (To go back type /back)
> /back
Enter two numbers in format: {source base} {target base} (To quit type /exit)
> 31 8
Enter number in base 31 to convert to base 8 (To go back type /back)
> 4s
Conversion result: 230
Enter number in base 31 to convert to base 8 (To go back type /back)
> /back
Enter two numbers in format: {source base} {target base} (To quit type /exit)
> 31 11
Enter number in base 31 to convert to base 11 (To go back type /back)
> 5i
Conversion result: 148
Enter number in base 31 to convert to base 11 (To go back type /back)
> /back
Enter two numbers in format: {source base} {target base} (To quit type /exit)
> 31 14
Enter number in base 31 to convert to base 14 (To go back type /back)
> g5
Conversion result: 27B
Enter number in base 31 to convert to base 14 (To go back type /back)
> /back
Enter two numbers in format: {source base} {target base} (To quit type /exit)
> 31 17
Enter number in base 31 to convert to base 17 (To go back type /back)
> k
Conversion result: 13
Enter number in base 31 to convert to base 17 (To go back type /back)
> /back
Enter two numbers in format: {source base} {target base} (To quit type /exit)
> 31 20
Enter number in base 31 to convert to base 20 (To go back type /back)
> ob
Conversion result: 1HF
Enter number in base 31 to convert to base 20 (To go back type /back)
> /back
Enter two numbers in format: {source base} {target base} (To quit type /exit)
> 31 23
Enter number in base 31 to convert to base 23 (To go back type /back)
> 7l
Conversion result: A8
Enter number in base 31 to convert to base 23 (To go back type /back)
> /back
Enter two numbers in format: {source base} {target base} (To quit type /exit)
> 31 26
Enter number in base 31 to convert to base 26 (To go back type /back)
> o6
Conversion result: 12M
Enter number in base 31 to convert to base 26 (To go back type /back)
> /back
Enter two numbers in format: {source base} {target base} (To quit type /exit)
> 31 29
Enter number in base 31 to convert to base 29 (To go back type /back)
> 7e
Conversion result: 7S
Enter number in base 31 to convert to base 29 (To go back type /back)
> /back
Enter two numbers in format: {source base} {target base} (To quit type /exit)
> 31 32
Enter number in base 31 to convert to base 32 (To go back type /back)
> 5t
Conversion result: 5O
Enter number in base 31 to convert to base 32 (To go back type /back)
> /back
Enter two numbers in format: {source base} {target base} (To quit type /exit)
> 31 35
Enter number in base 31 to convert to base 35 (To go back type /back)
> 9d
Conversion result: 8C
Enter number in base 31 to convert to base 35 (To go back type /back)
> /back
Enter two numbers in format: {source base} {target base} (To quit type /exit)
> 34 2
Enter number in base 34 to convert to base 2 (To go back type /back)
> l4
Conversion result: 1011001110
Enter number in base 34 to convert to base 2 (To go back type /back)
> /back
Enter two numbers in format: {source base} {target base} (To quit type /exit)
> 34 5
Enter number in base 34 to convert to base 5 (To go back type /back)
> ma
Conversion result: 11013
Enter number in base 34 to convert to base 5 (To go back type /back)
> /back
Enter two numbers in format: {source base} {target base} (To quit type /exit)
> 34 8
Enter number in base 34 to convert to base 8 (To go back type /back)
> 4c
Conversion result: 224
Enter number in base 34 to convert to base 8 (To go back type /back)
> /back
Enter two numbers in format: {source base} {target base} (To quit type /exit)
> 34 11
Enter number in base 34 to convert to base 11 (To go back type /back)
> 41
Conversion result: 115
Enter number in base 34 to convert to base 11 (To go back type /back)
> /back
Enter two numbers in format: {source base} {target base} (To quit type /exit)
> 34 14
Enter number in base 34 to convert to base 14 (To go back type /back)
> 8v
Conversion result: 179
Enter number in base 34 to convert to base 14 (To go back type /back)
> /back
Enter two numbers in format: {source base} {target base} (To quit type /exit)
> 34 17
Enter number in base 34 to convert to base 17 (To go back type /back)
> qi
Conversion result: 321
Enter number in base 34 to convert to base 17 (To go back type /back)
> /back
Enter two numbers in format: {source base} {target base} (To quit type /exit)
> 34 20
Enter number in base 34 to convert to base 20 (To go back type /back)
> aw
Conversion result: IC
Enter number in base 34 to convert to base 20 (To go back type /back)
> /back
Enter two numbers in format: {source base} {target base} (To quit type /exit)
> 34 23
Enter number in base 34 to convert to base 23 (To go back type /back)
> ln
Conversion result: 191
Enter number in base 34 to convert to base 23 (To go back type /back)
> /back
Enter two numbers in format: {source base} {target base} (To quit type /exit)
> 34 26
Enter number in base 34 to convert to base 26 (To go back type /back)
> rq
Conversion result: 1A8
Enter number in base 34 to convert to base 26 (To go back type /back)
> /back
Enter two numbers in format: {source base} {target base} (To quit type /exit)
> 34 29
Enter number in base 34 to convert to base 29 (To go back type /back)
> 70
Conversion result: 86
Enter number in base 34 to convert to base 29 (To go back type /back)
> /back
Enter two numbers in format: {source base} {target base} (To quit type /exit)
> 34 32
Enter number in base 34 to convert to base 32 (To go back type /back)
> hs
Conversion result: IU
Enter number in base 34 to convert to base 32 (To go back type /back)
> /back
Enter two numbers in format: {source base} {target base} (To quit type /exit)
> 34 35
Enter number in base 34 to convert to base 35 (To go back type /back)
> gw
Conversion result: GG
Enter number in base 34 to convert to base 35 (To go back type /back)
> /back
Enter two numbers in format: {source base} {target base} (To quit type /exit)
> /exit
?[1;31m
Start test 6?[0m
Enter two numbers in format: {source base} {target base} (To quit type /exit)
> 2 5
Enter number in base 2 to convert to base 5 (To go back type /back)
> 1011011001011111000100010111111000000011100110100
Conversion result: 410031110042442121324
Enter number in base 2 to convert to base 5 (To go back type /back)
> /back
Enter two numbers in format: {source base} {target base} (To quit type /exit)
> 2 8
Enter number in base 2 to convert to base 8 (To go back type /back)
> 1001011000100110101011101101111010111001110010001
Conversion result: 11304653557271621
Enter number in base 2 to convert to base 8 (To go back type /back)
> /back
Enter two numbers in format: {source base} {target base} (To quit type /exit)
> 2 11
Enter number in base 2 to convert to base 11 (To go back type /back)
> 100111001000000001001110111111001100010100011011
Conversion result: 4A91260A231546
Enter number in base 2 to convert to base 11 (To go back type /back)
> /back
Enter two numbers in format: {source base} {target base} (To quit type /exit)
> 2 14
Enter number in base 2 to convert to base 14 (To go back type /back)
> 10110110011101011100000110111111010111010111010
Conversion result: 1AAAD50A506A6
Enter number in base 2 to convert to base 14 (To go back type /back)
> /back
Enter two numbers in format: {source base} {target base} (To quit type /exit)
> 2 17
Enter number in base 2 to convert to base 17 (To go back type /back)
> 1011010011100011000110000110010001110110011100110
Conversion result: BA547GE4871F
Enter number in base 2 to convert to base 17 (To go back type /back)
> /back
Enter two numbers in format: {source base} {target base} (To quit type /exit)
> 2 20
Enter number in base 2 to convert to base 20 (To go back type /back)
> 1101110111010100011111101011001010111011100101110
Conversion result: 27CF12F5BJ9A
Enter number in base 2 to convert to base 20 (To go back type /back)
> /back
Enter two numbers in format: {source base} {target base} (To quit type /exit)
> 2 23
Enter number in base 2 to convert to base 23 (To go back type /back)
> 1010111100111010111101010001110111100001010110010
Conversion result: 96LD82BADDG
Enter number in base 2 to convert to base 23 (To go back type /back)
> /back
Enter two numbers in format: {source base} {target base} (To quit type /exit)
> 2 26
Enter number in base 2 to convert to base 26 (To go back type /back)
> 101001101100110101010111100000011010100111001
Conversion result: 45K7DBALG5
Enter number in base 2 to convert to base 26 (To go back type /back)
> /back
Enter two numbers in format: {source base} {target base} (To quit type /exit)
> 2 29
Enter number in base 2 to convert to base 29 (To go back type /back)
> 1011010010001000101010111000100100000110010001110
Conversion result: RAHG0387HP
Enter number in base 2 to convert to base 29 (To go back type /back)
> /back
Enter two numbers in format: {source base} {target base} (To quit type /exit)
> 2 32
Enter number in base 2 to convert to base 32 (To go back type /back)
> 1001010111110100101100011111011000100001000011101
Conversion result: 9BT5HUOGGT
Enter number in base 2 to convert to base 32 (To go back type /back)
> /back
Enter two numbers in format: {source base} {target base} (To quit type /exit)
> 2 35
Enter number in base 2 to convert to base 35 (To go back type /back)
> 1011011000100001110100011010101100101110100000000
Conversion result: 52U0BN8GQN
Enter number in base 2 to convert to base 35 (To go back type /back)
> /back
Enter two numbers in format: {source base} {target base} (To quit type /exit)
> 5 2
Enter number in base 5 to convert to base 2 (To go back type /back)
> 310212402024421034141
Conversion result: 1000101110010100100010110011101011100110001011101
Enter number in base 5 to convert to base 2 (To go back type /back)
> /back
Enter two numbers in format: {source base} {target base} (To quit type /exit)
> 5 8
Enter number in base 5 to convert to base 8 (To go back type /back)
> 12114333202311044114
Conversion result: 624004464636515
Enter number in base 5 to convert to base 8 (To go back type /back)
> /back
Enter two numbers in format: {source base} {target base} (To quit type /exit)
> 5 11
Enter number in base 5 to convert to base 11 (To go back type /back)
> 1002114222214011240010
Conversion result: 130779693241841
Enter number in base 5 to convert to base 11 (To go back type /back)
> /back
Enter two numbers in format: {source base} {target base} (To quit type /exit)
> 5 14
Enter number in base 5 to convert to base 14 (To go back type /back)
> 234132020242043013112
Conversion result: 4945B1455998C
Enter number in base 5 to convert to base 14 (To go back type /back)
> /back
Enter two numbers in format: {source base} {target base} (To quit type /exit)
> 5 17
Enter number in base 5 to convert to base 17 (To go back type /back)
> 24223011014004104134
Conversion result: 1A79C8195BAA
Enter number in base 5 to convert to base 17 (To go back type /back)
> /back
Enter two numbers in format: {source base} {target base} (To quit type /exit)
> 5 20
Enter number in base 5 to convert to base 20 (To go back type /back)
> 224304141133104024230
Conversion result: 141B743IC9H0
Enter number in base 5 to convert to base 20 (To go back type /back)
> /back
Enter two numbers in format: {source base} {target base} (To quit type /exit)
> 5 23
Enter number in base 5 to convert to base 23 (To go back type /back)
> 414030003244243230112
Conversion result: A12B214KEAE
Enter number in base 5 to convert to base 23 (To go back type /back)
> /back
Enter two numbers in format: {source base} {target base} (To quit type /exit)
> 5 26
Enter number in base 5 to convert to base 26 (To go back type /back)
> 14044443244004002302
Conversion result: 6C1CFFOGFB
Enter number in base 5 to convert to base 26 (To go back type /back)
> /back
Enter two numbers in format: {source base} {target base} (To quit type /exit)
> 5 29
Enter number in base 5 to convert to base 29 (To go back type /back)
> 213033410104043323342
Conversion result: F8CISCL0AA
Enter number in base 5 to convert to base 29 (To go back type /back)
> /back
Enter two numbers in format: {source base} {target base} (To quit type /exit)
> 5 32
Enter number in base 5 to convert to base 32 (To go back type /back)
> 203114040222020304243
Conversion result: 5OQGQB8H57
Enter number in base 5 to convert to base 32 (To go back type /back)
> /back
Enter two numbers in format: {source base} {target base} (To quit type /exit)
> 5 35
Enter number in base 5 to convert to base 35 (To go back type /back)
> 13402411230023123212
Conversion result: EX3QTNKU7
Enter number in base 5 to convert to base 35 (To go back type /back)
> /back
Enter two numbers in format: {source base} {target base} (To quit type /exit)
> 8 2
Enter number in base 8 to convert to base 2 (To go back type /back)
> 2060235417507050
Conversion result: 10000110000010011101100001111101000111000101000
Enter number in base 8 to convert to base 2 (To go back type /back)
> /back
Enter two numbers in format: {source base} {target base} (To quit type /exit)
> 8 5
Enter number in base 8 to convert to base 5 (To go back type /back)
> 616650771170526
Conversion result: 12043020314440031402
Enter number in base 8 to convert to base 5 (To go back type /back)
> /back
Enter two numbers in format: {source base} {target base} (To quit type /exit)
> 8 11
Enter number in base 8 to convert to base 11 (To go back type /back)
> 15131104143335626
Conversion result: 12476864A279084
Enter number in base 8 to convert to base 11 (To go back type /back)
> /back
Enter two numbers in format: {source base} {target base} (To quit type /exit)
> 8 14
Enter number in base 8 to convert to base 14 (To go back type /back)
> 646164507523542
Conversion result: 7244BD779B34
Enter number in base 8 to convert to base 14 (To go back type /back)
> /back
Enter two numbers in format: {source base} {target base} (To quit type /exit)
> 8 17
Enter number in base 8 to convert to base 17 (To go back type /back)
> 1106457470376122
Conversion result: 12EA3FE547F8
Enter number in base 8 to convert to base 17 (To go back type /back)
> /back
Enter two numbers in format: {source base} {target base} (To quit type /exit)
> 8 20
Enter number in base 8 to convert to base 20 (To go back type /back)
> 4014301644536564
Conversion result: DGAFECC745G
Enter number in base 8 to convert to base 20 (To go back type /back)
> /back
Enter two numbers in format: {source base} {target base} (To quit type /exit)
> 8 23
Enter number in base 8 to convert to base 23 (To go back type /back)
> 6317265125357716
Conversion result: 5A2G207BBBJ
Enter number in base 8 to convert to base 23 (To go back type /back)
> /back
Enter two numbers in format: {source base} {target base} (To quit type /exit)
> 8 26
Enter number in base 8 to convert to base 26 (To go back type /back)
> 4523574530053161
Conversion result: 145J8DHF4N3
Enter number in base 8 to convert to base 26 (To go back type /back)
> /back
Enter two numbers in format: {source base} {target base} (To quit type /exit)
> 8 29
Enter number in base 8 to convert to base 29 (To go back type /back)
> 7713341230602736
Conversion result: J4D3E60PAO
Enter number in base 8 to convert to base 29 (To go back type /back)
> /back
Enter two numbers in format: {source base} {target base} (To quit type /exit)
> 8 32
Enter number in base 8 to convert to base 32 (To go back type /back)
> 13305565013774637
Conversion result: BCBEK2VUCV
Enter number in base 8 to convert to base 32 (To go back type /back)
> /back
Enter two numbers in format: {source base} {target base} (To quit type /exit)
> 8 35
Enter number in base 8 to convert to base 35 (To go back type /back)
> 11313225127236700
Conversion result: 46STFCNUOP
Enter number in base 8 to convert to base 35 (To go back type /back)
> /back
Enter two numbers in format: {source base} {target base} (To quit type /exit)
> 11 2
Enter number in base 11 to convert to base 2 (To go back type /back)
> 28aa02a51a7423
Conversion result: 10110000111011001111111111000111100001101001010
Enter number in base 11 to convert to base 2 (To go back type /back)
> /back
Enter two numbers in format: {source base} {target base} (To quit type /exit)
> 11 5
Enter number in base 11 to convert to base 5 (To go back type /back)
> 50402096aaa759
Conversion result: 140233334342014120102
Enter number in base 11 to convert to base 5 (To go back type /back)
> /back
Enter two numbers in format: {source base} {target base} (To quit type /exit)
> 11 8
Enter number in base 11 to convert to base 8 (To go back type /back)
> 81278a04990133
Conversion result: 7753711717317015
Enter number in base 11 to convert to base 8 (To go back type /back)
> /back
Enter two numbers in format: {source base} {target base} (To quit type /exit)
> 11 14
Enter number in base 11 to convert to base 14 (To go back type /back)
> 6621a025338433
Conversion result: 3DD4C2988BA8C
Enter number in base 11 to convert to base 14 (To go back type /back)
> /back
Enter two numbers in format: {source base} {target base} (To quit type /exit)
> 11 17
Enter number in base 11 to convert to base 17 (To go back type /back)
> 9244541834a277
Conversion result: 94E9BF99858F
Enter number in base 11 to convert to base 17 (To go back type /back)
> /back
Enter two numbers in format: {source base} {target base} (To quit type /exit)
> 11 20
Enter number in base 11 to convert to base 20 (To go back type /back)
> 10a0535181a096
Conversion result: 3D09D33DCAJ
Enter number in base 11 to convert to base 20 (To go back type /back)
> /back
Enter two numbers in format: {source base} {target base} (To quit type /exit)
> 11 23
Enter number in base 11 to convert to base 23 (To go back type /back)
> 8311a707603730
Conversion result: 6KH5JCC6193
Enter number in base 11 to convert to base 23 (To go back type /back)
> /back
Enter two numbers in format: {source base} {target base} (To quit type /exit)
> 11 26
Enter number in base 11 to convert to base 26 (To go back type /back)
> 12833124a3a0903
Conversion result: 39BLLK9KJ01
Enter number in base 11 to convert to base 26 (To go back type /back)
> /back
Enter two numbers in format: {source base} {target base} (To quit type /exit)
> 11 29
Enter number in base 11 to convert to base 29 (To go back type /back)
> 1a904a59399965
Conversion result: 4KQ7FE27CK
Enter number in base 11 to convert to base 29 (To go back type /back)
> /back
Enter two numbers in format: {source base} {target base} (To quit type /exit)
> 11 32
Enter number in base 11 to convert to base 32 (To go back type /back)
> 26836a1578a8a4
Conversion result: 2I2M9MMBEO
Enter number in base 11 to convert to base 32 (To go back type /back)
> /back
Enter two numbers in format: {source base} {target base} (To quit type /exit)
> 11 35
Enter number in base 11 to convert to base 35 (To go back type /back)
> 1195812550103aa
Conversion result: 5M8BICRQTL
Enter number in base 11 to convert to base 35 (To go back type /back)
> /back
Enter two numbers in format: {source base} {target base} (To quit type /exit)
> 14 2
Enter number in base 14 to convert to base 2 (To go back type /back)
> 77411cac387dd
Conversion result: 1100000111100101101110101001110110010010000001111
Enter number in base 14 to convert to base 2 (To go back type /back)
> /back
Enter two numbers in format: {source base} {target base} (To quit type /exit)
> 14 5
Enter number in base 14 to convert to base 5 (To go back type /back)
> 6c8668ad59381
Conversion result: 402234004432312331143
Enter number in base 14 to convert to base 5 (To go back type /back)
> /back
Enter two numbers in format: {source base} {target base} (To quit type /exit)
> 14 8
Enter number in base 14 to convert to base 8 (To go back type /back)
> 4d0b4dcd50122
Conversion result: 7745405333646422
Enter number in base 14 to convert to base 8 (To go back type /back)
> /back
Enter two numbers in format: {source base} {target base} (To quit type /exit)
> 14 11
Enter number in base 14 to convert to base 11 (To go back type /back)
> 3100812d7a7ab
Conversion result: 5053A806031895
Enter number in base 14 to convert to base 11 (To go back type /back)
> /back
Enter two numbers in format: {source base} {target base} (To quit type /exit)
> 14 17
Enter number in base 14 to convert to base 17 (To go back type /back)
> 805ab22873d8
Conversion result: G2344C16C8E
Enter number in base 14 to convert to base 17 (To go back type /back)
> /back
Enter two numbers in format: {source base} {target base} (To quit type /exit)
> 14 20
Enter number in base 14 to convert to base 20 (To go back type /back)
> 1a61875c83904
Conversion result: 9D5B41F9628
Enter number in base 14 to convert to base 20 (To go back type /back)
> /back
Enter two numbers in format: {source base} {target base} (To quit type /exit)
> 14 23
Enter number in base 14 to convert to base 23 (To go back type /back)
> 422a7500c8b34
Conversion result: 5FJ9FLDHG1D
Enter number in base 14 to convert to base 23 (To go back type /back)
> /back
Enter two numbers in format: {source base} {target base} (To quit type /exit)
> 14 26
Enter number in base 14 to convert to base 26 (To go back type /back)
> 704ad3196da41
Conversion result: 2L90NHN8B13
Enter number in base 14 to convert to base 26 (To go back type /back)
> /back
Enter two numbers in format: {source base} {target base} (To quit type /exit)
> 14 29
Enter number in base 14 to convert to base 29 (To go back type /back)
> 40253628921b7
Conversion result: FJK9FJ38N2
Enter number in base 14 to convert to base 29 (To go back type /back)
> /back
Enter two numbers in format: {source base} {target base} (To quit type /exit)
> 14 32
Enter number in base 14 to convert to base 32 (To go back type /back)
> 55c504b624471
Conversion result: 8NFC6SOCJJ
Enter number in base 14 to convert to base 32 (To go back type /back)
> /back
Enter two numbers in format: {source base} {target base} (To quit type /exit)
> 14 35
Enter number in base 14 to convert to base 35 (To go back type /back)
> dac5d218d851
Conversion result: OR67FXE7M
Enter number in base 14 to convert to base 35 (To go back type /back)
> /back
Enter two numbers in format: {source base} {target base} (To quit type /exit)
> 17 2
Enter number in base 17 to convert to base 2 (To go back type /back)
> 6ad3c686590g
Conversion result: 110011101100100000100010011110110110011100011110
Enter number in base 17 to convert to base 2 (To go back type /back)
> /back
Enter two numbers in format: {source base} {target base} (To quit type /exit)
> 17 5
Enter number in base 17 to convert to base 5 (To go back type /back)
> 36981ad7bbcc
Conversion result: 110202111020020310213
Enter number in base 17 to convert to base 5 (To go back type /back)
> /back
Enter two numbers in format: {source base} {target base} (To quit type /exit)
> 17 8
Enter number in base 17 to convert to base 8 (To go back type /back)
> b708cg34c58
Conversion result: 516653147566166
Enter number in base 17 to convert to base 8 (To go back type /back)
> /back
Enter two numbers in format: {source base} {target base} (To quit type /exit)
> 17 11
Enter number in base 17 to convert to base 11 (To go back type /back)
> 72g3fgg0b121
Conversion result: 7137A787403032
Enter number in base 17 to convert to base 11 (To go back type /back)
> /back
Enter two numbers in format: {source base} {target base} (To quit type /exit)
> 17 14
Enter number in base 17 to convert to base 14 (To go back type /back)
> 45f2f167g848
Conversion result: 28B003677C2DD
Enter number in base 17 to convert to base 14 (To go back type /back)
> /back
Enter two numbers in format: {source base} {target base} (To quit type /exit)
> 17 20
Enter number in base 17 to convert to base 20 (To go back type /back)
> 945fd5dg82db
Conversion result: 1AJB3A419J8I
Enter number in base 17 to convert to base 20 (To go back type /back)
> /back
Enter two numbers in format: {source base} {target base} (To quit type /exit)
> 17 23
Enter number in base 17 to convert to base 23 (To go back type /back)
> 9f1df2a86427
Conversion result: 843EL8I89M9
Enter number in base 17 to convert to base 23 (To go back type /back)
> /back
Enter two numbers in format: {source base} {target base} (To quit type /exit)
> 17 26
Enter number in base 17 to convert to base 26 (To go back type /back)
> d1f3834ba5c3
Conversion result: 34JKJJCK46C
Enter number in base 17 to convert to base 26 (To go back type /back)
> /back
Enter two numbers in format: {source base} {target base} (To quit type /exit)
> 17 29
Enter number in base 17 to convert to base 29 (To go back type /back)
> 19108g1e056f
Conversion result: 3I0KG3R3RB
Enter number in base 17 to convert to base 29 (To go back type /back)
> /back
Enter two numbers in format: {source base} {target base} (To quit type /exit)
> 17 32
Enter number in base 17 to convert to base 32 (To go back type /back)
> e1165d55450d
Conversion result: DMBJR0F4AO
Enter number in base 17 to convert to base 32 (To go back type /back)
> /back
Enter two numbers in format: {source base} {target base} (To quit type /exit)
> 17 35
Enter number in base 17 to convert to base 35 (To go back type /back)
> ce991827670f
Conversion result: 5KNBUW7051
Enter number in base 17 to convert to base 35 (To go back type /back)
> /back
Enter two numbers in format: {source base} {target base} (To quit type /exit)
> /exit
?[1;31m
Start test 7?[0m
Enter two numbers in format: {source base} {target base} (To quit type /exit)
> 19 2
Enter number in base 19 to convert to base 2 (To go back type /back)
> ehbi1978548
Conversion result: 10100110011110101111111100001101101111110110110
Enter number in base 19 to convert to base 2 (To go back type /back)
> /back
Enter two numbers in format: {source base} {target base} (To quit type /exit)
> 19 5
Enter number in base 19 to convert to base 5 (To go back type /back)
> c46h6603953
Conversion result: 34311441431200111331
Enter number in base 19 to convert to base 5 (To go back type /back)
> /back
Enter two numbers in format: {source base} {target base} (To quit type /exit)
> 19 8
Enter number in base 19 to convert to base 8 (To go back type /back)
> 1e97h0489i7
Conversion result: 235222276334214
Enter number in base 19 to convert to base 8 (To go back type /back)
> /back
Enter two numbers in format: {source base} {target base} (To quit type /exit)
> 19 11
Enter number in base 19 to convert to base 11 (To go back type /back)
> 2gbd4e9493c
Conversion result: 5685236259187
Enter number in base 19 to convert to base 11 (To go back type /back)
> /back
Enter two numbers in format: {source base} {target base} (To quit type /exit)
> 19 14
Enter number in base 19 to convert to base 14 (To go back type /back)
> 1h1075707524
Conversion result: 3C82A8D97209C
Enter number in base 19 to convert to base 14 (To go back type /back)
> /back
Enter two numbers in format: {source base} {target base} (To quit type /exit)
> 19 17
Enter number in base 19 to convert to base 17 (To go back type /back)
> 2d2gcab202ai
Conversion result: 92998CB89F08
Enter number in base 19 to convert to base 17 (To go back type /back)
> /back
Enter two numbers in format: {source base} {target base} (To quit type /exit)
> 19 20
Enter number in base 19 to convert to base 20 (To go back type /back)
> 36252edbb34a
Conversion result: 1HFGFHIC23DE
Enter number in base 19 to convert to base 20 (To go back type /back)
> /back
Enter two numbers in format: {source base} {target base} (To quit type /exit)
> 19 23
Enter number in base 19 to convert to base 23 (To go back type /back)
> 1794i7i7ahc1
Conversion result: 3L3GL8322K2
Enter number in base 19 to convert to base 23 (To go back type /back)
> /back
Enter two numbers in format: {source base} {target base} (To quit type /exit)
> 19 26
Enter number in base 19 to convert to base 26 (To go back type /back)
> 3274390fahgh
Conversion result: 2F19FMKGE8D
Enter number in base 19 to convert to base 26 (To go back type /back)
> /back
Enter two numbers in format: {source base} {target base} (To quit type /exit)
> 19 29
Enter number in base 19 to convert to base 29 (To go back type /back)
> c87021d1g7g
Conversion result: 57DJDBR3OB
Enter number in base 19 to convert to base 29 (To go back type /back)
> /back
Enter two numbers in format: {source base} {target base} (To quit type /exit)
> 19 32
Enter number in base 19 to convert to base 32 (To go back type /back)
> 1c0h7h4e004f
Conversion result: 5D45FJKBO3
Enter number in base 19 to convert to base 32 (To go back type /back)
> /back
Enter two numbers in format: {source base} {target base} (To quit type /exit)
> 19 35
Enter number in base 19 to convert to base 35 (To go back type /back)
> 3c06g5293992
Conversion result: 5CW08R5WEF
Enter number in base 19 to convert to base 35 (To go back type /back)
> /back
Enter two numbers in format: {source base} {target base} (To quit type /exit)
> 22 2
Enter number in base 22 to convert to base 2 (To go back type /back)
> 75c8dikl683
Conversion result: 101011110011001110000110111101111111011011000011
Enter number in base 22 to convert to base 2 (To go back type /back)
> /back
Enter two numbers in format: {source base} {target base} (To quit type /exit)
> 22 5
Enter number in base 22 to convert to base 5 (To go back type /back)
> 2h70lha01k2
Conversion result: 34200401442212131103
Enter number in base 22 to convert to base 5 (To go back type /back)
> /back
Enter two numbers in format: {source base} {target base} (To quit type /exit)
> 22 8
Enter number in base 22 to convert to base 8 (To go back type /back)
> 6kkhb17db22
Conversion result: 5176750500364302
Enter number in base 22 to convert to base 8 (To go back type /back)
> /back
Enter two numbers in format: {source base} {target base} (To quit type /exit)
> 22 11
Enter number in base 22 to convert to base 11 (To go back type /back)
> 9hcl1a0caj7
Conversion result: 75A27615190A57
Enter number in base 22 to convert to base 11 (To go back type /back)
> /back
Enter two numbers in format: {source base} {target base} (To quit type /exit)
> 22 14
Enter number in base 22 to convert to base 14 (To go back type /back)
> 38dj093fkj1
Conversion result: 1836B34856055
Enter number in base 22 to convert to base 14 (To go back type /back)
> /back
Enter two numbers in format: {source base} {target base} (To quit type /exit)
> 22 17
Enter number in base 22 to convert to base 17 (To go back type /back)
> 70h4hh4g40l
Conversion result: 57BCB8F3B21F
Enter number in base 22 to convert to base 17 (To go back type /back)
> /back
Enter two numbers in format: {source base} {target base} (To quit type /exit)
> 22 20
Enter number in base 22 to convert to base 20 (To go back type /back)
> h1bjdg471gf
Conversion result: 245A1JE46523
Enter number in base 22 to convert to base 20 (To go back type /back)
> /back
Enter two numbers in format: {source base} {target base} (To quit type /exit)
> 22 23
Enter number in base 22 to convert to base 23 (To go back type /back)
> fe898khcfjk
Conversion result: A0J2LM1HM79
Enter number in base 22 to convert to base 23 (To go back type /back)
> /back
Enter two numbers in format: {source base} {target base} (To quit type /exit)
> 22 26
Enter number in base 22 to convert to base 26 (To go back type /back)
> 4l6k0hgkcci
Conversion result: O7P2O5P9F8
Enter number in base 22 to convert to base 26 (To go back type /back)
> /back
Enter two numbers in format: {source base} {target base} (To quit type /exit)
> 22 29
Enter number in base 22 to convert to base 29 (To go back type /back)
> 39gi4kabac3
Conversion result: 68OGEK5R6P
Enter number in base 22 to convert to base 29 (To go back type /back)
> /back
Enter two numbers in format: {source base} {target base} (To quit type /exit)
> 22 32
Enter number in base 22 to convert to base 32 (To go back type /back)
> 7100iijb033
Conversion result: 5A65AQ7UPT
Enter number in base 22 to convert to base 32 (To go back type /back)
> /back
Enter two numbers in format: {source base} {target base} (To quit type /exit)
> 22 35
Enter number in base 22 to convert to base 35 (To go back type /back)
> fi45cicibk0
Conversion result: 5BNIQPONLE
Enter number in base 22 to convert to base 35 (To go back type /back)
> /back
Enter two numbers in format: {source base} {target base} (To quit type /exit)
> 25 2
Enter number in base 25 to convert to base 2 (To go back type /back)
> 1906ih214d3
Conversion result: 11101011111111110100111101000010011101001011010
Enter number in base 25 to convert to base 2 (To go back type /back)
> /back
Enter two numbers in format: {source base} {target base} (To quit type /exit)
> 25 5
Enter number in base 25 to convert to base 5 (To go back type /back)
> 3if6l2kkcn9
Conversion result: 333301141024040224314
Enter number in base 25 to convert to base 5 (To go back type /back)
> /back
Enter two numbers in format: {source base} {target base} (To quit type /exit)
> 25 8
Enter number in base 25 to convert to base 8 (To go back type /back)
> 2o8h540lddo
Conversion result: 10037073716614613
Enter number in base 25 to convert to base 8 (To go back type /back)
> /back
Enter two numbers in format: {source base} {target base} (To quit type /exit)
> 25 11
Enter number in base 25 to convert to base 11 (To go back type /back)
> 2k69em9dfh8
Conversion result: 78437436610392
Enter number in base 25 to convert to base 11 (To go back type /back)
> /back
Enter two numbers in format: {source base} {target base} (To quit type /exit)
> 25 14
Enter number in base 25 to convert to base 14 (To go back type /back)
> 1d3kcf6nahd
Conversion result: 27D2355629C8D
Enter number in base 25 to convert to base 14 (To go back type /back)
> /back
Enter two numbers in format: {source base} {target base} (To quit type /exit)
> 25 17
Enter number in base 25 to convert to base 17 (To go back type /back)
> 2de1hmlih48
Conversion result: 714B599A2474
Enter number in base 25 to convert to base 17 (To go back type /back)
> /back
Enter two numbers in format: {source base} {target base} (To quit type /exit)
> 25 20
Enter number in base 25 to convert to base 20 (To go back type /back)
> 20fnmk13ooo
Conversion result: IH5DF939I8E
Enter number in base 25 to convert to base 20 (To go back type /back)
> /back
Enter two numbers in format: {source base} {target base} (To quit type /exit)
> 25 23
Enter number in base 25 to convert to base 23 (To go back type /back)
> 332ig964b79
Conversion result: 749KFI52297
Enter number in base 25 to convert to base 23 (To go back type /back)
> /back
Enter two numbers in format: {source base} {target base} (To quit type /exit)
> 25 26
Enter number in base 25 to convert to base 26 (To go back type /back)
> 3k898304cgj
Conversion result: 2EPD4O83CFO
Enter number in base 25 to convert to base 26 (To go back type /back)
> /back
Enter two numbers in format: {source base} {target base} (To quit type /exit)
> 25 29
Enter number in base 25 to convert to base 29 (To go back type /back)
> 44983ne549h
Conversion result: RCQC340J23
Enter number in base 25 to convert to base 29 (To go back type /back)
> /back
Enter two numbers in format: {source base} {target base} (To quit type /exit)
> 25 32
Enter number in base 25 to convert to base 32 (To go back type /back)
> ibhglfdhgk
Conversion result: 202CG8SBQC
Enter number in base 25 to convert to base 32 (To go back type /back)
> /back
Enter two numbers in format: {source base} {target base} (To quit type /exit)
> 25 35
Enter number in base 25 to convert to base 35 (To go back type /back)
> aeon4345fj
Conversion result: HXGG7YSO4
Enter number in base 25 to convert to base 35 (To go back type /back)
> /back
Enter two numbers in format: {source base} {target base} (To quit type /exit)
> 28 2
Enter number in base 28 to convert to base 2 (To go back type /back)
> hd65bb6kpg
Conversion result: 101010000001100111001011011010101111000110001100
Enter number in base 28 to convert to base 2 (To go back type /back)
> /back
Enter two numbers in format: {source base} {target base} (To quit type /exit)
> 28 5
Enter number in base 28 to convert to base 5 (To go back type /back)
> 134gcgghpce
Conversion result: 321202214012201313400
Enter number in base 28 to convert to base 5 (To go back type /back)
> /back
Enter two numbers in format: {source base} {target base} (To quit type /exit)
> 28 8
Enter number in base 28 to convert to base 8 (To go back type /back)
> 706gc35b2q
Conversion result: 2066663515140702
Enter number in base 28 to convert to base 8 (To go back type /back)
> /back
Enter two numbers in format: {source base} {target base} (To quit type /exit)
> 28 11
Enter number in base 28 to convert to base 11 (To go back type /back)
> mjd8hm7qb8
Conversion result: 6A552A9089A358
Enter number in base 28 to convert to base 11 (To go back type /back)
> /back
Enter two numbers in format: {source base} {target base} (To quit type /exit)
> 28 14
Enter number in base 28 to convert to base 14 (To go back type /back)
> 1711olgp2cm
Conversion result: 67757335449B8
Enter number in base 28 to convert to base 14 (To go back type /back)
> /back
Enter two numbers in format: {source base} {target base} (To quit type /exit)
> 28 17
Enter number in base 28 to convert to base 17 (To go back type /back)
> 7djk16rli7
Conversion result: 255173E844AG
Enter number in base 28 to convert to base 17 (To go back type /back)
> /back
Enter two numbers in format: {source base} {target base} (To quit type /exit)
> 28 20
Enter number in base 28 to convert to base 20 (To go back type /back)
> 15q69g0odm1
Conversion result: 1F136F90D67D
Enter number in base 28 to convert to base 20 (To go back type /back)
> /back
Enter two numbers in format: {source base} {target base} (To quit type /exit)
> 28 23
Enter number in base 28 to convert to base 23 (To go back type /back)
> 1i37042efae
Conversion result: BHJB23HH2B6
Enter number in base 28 to convert to base 23 (To go back type /back)
> /back
Enter two numbers in format: {source base} {target base} (To quit type /exit)
> 28 26
Enter number in base 28 to convert to base 26 (To go back type /back)
> 1gd2erk6ji4
Conversion result: 38GELI37HOG
Enter number in base 28 to convert to base 26 (To go back type /back)
> /back
Enter two numbers in format: {source base} {target base} (To quit type /exit)
> 28 29
Enter number in base 28 to convert to base 29 (To go back type /back)
> 1adn9gmb661
Conversion result: S20BSPKQEF
Enter number in base 28 to convert to base 29 (To go back type /back)
> /back
Enter two numbers in format: {source base} {target base} (To quit type /exit)
> 28 32
Enter number in base 28 to convert to base 32 (To go back type /back)
> 1dhk2dh6ncm
Conversion result: CGHK48JHQM
Enter number in base 28 to convert to base 32 (To go back type /back)
> /back
Enter two numbers in format: {source base} {target base} (To quit type /exit)
> 28 35
Enter number in base 28 to convert to base 35 (To go back type /back)
> rej0320o0j
Conversion result: 3OAFK9M7SJ
Enter number in base 28 to convert to base 35 (To go back type /back)
> /back
Enter two numbers in format: {source base} {target base} (To quit type /exit)
> 31 2
Enter number in base 31 to convert to base 2 (To go back type /back)
> bt03tie4rj
Conversion result: 1000111110000001100011100000110111100000111011000
Enter number in base 31 to convert to base 2 (To go back type /back)
> /back
Enter two numbers in format: {source base} {target base} (To quit type /exit)
> 31 5
Enter number in base 31 to convert to base 5 (To go back type /back)
> i3ot1te7nc
Conversion result: 1000301011004323414400
Enter number in base 31 to convert to base 5 (To go back type /back)
> /back
Enter two numbers in format: {source base} {target base} (To quit type /exit)
> 31 8
Enter number in base 31 to convert to base 8 (To go back type /back)
> aq57b4h2hk
Conversion result: 10114204642120477
Enter number in base 31 to convert to base 8 (To go back type /back)
> /back
Enter two numbers in format: {source base} {target base} (To quit type /exit)
> 31 11
Enter number in base 31 to convert to base 11 (To go back type /back)
> 734jm4g5f2
Conversion result: 549110A3294685
Enter number in base 31 to convert to base 11 (To go back type /back)
> /back
Enter two numbers in format: {source base} {target base} (To quit type /exit)
> 31 14
Enter number in base 31 to convert to base 14 (To go back type /back)
> 265f308nl1
Conversion result: 10504DC52678A
Enter number in base 31 to convert to base 14 (To go back type /back)
> /back
Enter two numbers in format: {source base} {target base} (To quit type /exit)
> 31 17
Enter number in base 31 to convert to base 17 (To go back type /back)
> 7jbptcuchr
Conversion result: 5F013ED29A90
Enter number in base 31 to convert to base 17 (To go back type /back)
> /back
Enter two numbers in format: {source base} {target base} (To quit type /exit)
> 31 20
Enter number in base 31 to convert to base 20 (To go back type /back)
> gqqr0d9rgc
Conversion result: 23AJH42CB712
Enter number in base 31 to convert to base 20 (To go back type /back)
> /back
Enter two numbers in format: {source base} {target base} (To quit type /exit)
> 31 23
Enter number in base 31 to convert to base 23 (To go back type /back)
> c3isql1tqh
Conversion result: 7GJIBKM5LG2
Enter number in base 31 to convert to base 23 (To go back type /back)
> /back
Enter two numbers in format: {source base} {target base} (To quit type /exit)
> 31 26
Enter number in base 31 to convert to base 26 (To go back type /back)
> 8qntekc5qm
Conversion result: 1H45ME7P31L
Enter number in base 31 to convert to base 26 (To go back type /back)
> /back
Enter two numbers in format: {source base} {target base} (To quit type /exit)
> 31 29
Enter number in base 31 to convert to base 29 (To go back type /back)
> 92tut5d9ab
Conversion result: GGLC24E3RC
Enter number in base 31 to convert to base 29 (To go back type /back)
> /back
Enter two numbers in format: {source base} {target base} (To quit type /exit)
> 31 32
Enter number in base 31 to convert to base 32 (To go back type /back)
> am3a4tpomu
Conversion result: 81JMCTJ4LJ
Enter number in base 31 to convert to base 32 (To go back type /back)
> /back
Enter two numbers in format: {source base} {target base} (To quit type /exit)
> 31 35
Enter number in base 31 to convert to base 35 (To go back type /back)
> 1d49bsoojm
Conversion result: GP3U40MCF
Enter number in base 31 to convert to base 35 (To go back type /back)
> /back
Enter two numbers in format: {source base} {target base} (To quit type /exit)
> 34 2
Enter number in base 34 to convert to base 2 (To go back type /back)
> 2q3jo09rii
Conversion result: 100110001101011111001101110111010110100101101010
Enter number in base 34 to convert to base 2 (To go back type /back)
> /back
Enter two numbers in format: {source base} {target base} (To quit type /exit)
> 34 5
Enter number in base 34 to convert to base 5 (To go back type /back)
> 49jempml4h
Conversion result: 233033144024034020300
Enter number in base 34 to convert to base 5 (To go back type /back)
> /back
Enter two numbers in format: {source base} {target base} (To quit type /exit)
> 34 8
Enter number in base 34 to convert to base 8 (To go back type /back)
> 4hganerxer
Conversion result: 7624340074576623
Enter number in base 34 to convert to base 8 (To go back type /back)
> /back
Enter two numbers in format: {source base} {target base} (To quit type /exit)
> 34 11
Enter number in base 34 to convert to base 11 (To go back type /back)
> 5bvnhmr9m3
Conversion result: 94580500A40475
Enter number in base 34 to convert to base 11 (To go back type /back)
> /back
Enter two numbers in format: {source base} {target base} (To quit type /exit)
> 34 14
Enter number in base 34 to convert to base 14 (To go back type /back)
> 7mpj0v6rlh
Conversion result: 82DB7530BB6D1
Enter number in base 34 to convert to base 14 (To go back type /back)
> /back
Enter two numbers in format: {source base} {target base} (To quit type /exit)
> 34 17
Enter number in base 34 to convert to base 17 (To go back type /back)
> 3nkmsjcq6k
Conversion result: 6948AGD402D3
Enter number in base 34 to convert to base 17 (To go back type /back)
> /back
Enter two numbers in format: {source base} {target base} (To quit type /exit)
> 34 20
Enter number in base 34 to convert to base 20 (To go back type /back)
> 19hh7xfin2
Conversion result: 7BF9HG0C0CG
Enter number in base 34 to convert to base 20 (To go back type /back)
> /back
Enter two numbers in format: {source base} {target base} (To quit type /exit)
> 34 23
Enter number in base 34 to convert to base 23 (To go back type /back)
> iik2mufpg
Conversion result: I8LDA7J6I2
Enter number in base 34 to convert to base 23 (To go back type /back)
> /back
Enter two numbers in format: {source base} {target base} (To quit type /exit)
> 34 26
Enter number in base 34 to convert to base 26 (To go back type /back)
> 21at1g1j2s
Conversion result: MKKBIJ567E
Enter number in base 34 to convert to base 26 (To go back type /back)
> /back
Enter two numbers in format: {source base} {target base} (To quit type /exit)
> 34 29
Enter number in base 34 to convert to base 29 (To go back type /back)
> 7ghpqc2wdr
Conversion result: 129HCBGSE25
Enter number in base 34 to convert to base 29 (To go back type /back)
> /back
Enter two numbers in format: {source base} {target base} (To quit type /exit)
> 34 32
Enter number in base 34 to convert to base 32 (To go back type /back)
> 3l43qo0qw1
Conversion result: 67V0IKNI19
Enter number in base 34 to convert to base 32 (To go back type /back)
> /back
Enter two numbers in format: {source base} {target base} (To quit type /exit)
> 34 35
Enter number in base 34 to convert to base 35 (To go back type /back)
> 71i7b8x1bl
Conversion result: 5EXIECTFNS
Enter number in base 34 to convert to base 35 (To go back type /back)
> /back
Enter two numbers in format: {source base} {target base} (To quit type /exit)
> /exit
]]></system-out>
  <system-err><![CDATA[]]></system-err>
</testsuite>
